i-Konseptual/app/build/intermediates/manifest_merge_blame_file/debug/processDebugMainManifest/manifest-merger-blame-debug-report.txt
1<?xml version="1.0" encoding="utf-8"?>
2<manifest xmlns:android="http://schemas.android.com/apk/res/android"
3    package="com.example.hahh"
4    android:versionCode="1"
5    android:versionName="1.0" >
6
7    <uses-sdk
8        android:minSdkVersion="26"
9        android:targetSdkVersion="34" />
10
11    <permission
11-->[androidx.core:core:1.10.1] AndroidManifest.xml:22:5-24:47
12        android:name="com.example.hahh.DYNAMIC_RECEIVER_NOT_EXPORTED_PERMISSION"
12-->[androidx.core:core:1.10.1] AndroidManifest.xml:23:9-81
13        android:protectionLevel="signature" />
13-->[androidx.core:core:1.10.1] AndroidManifest.xml:24:9-44
14
15    <uses-permission android:name="com.example.hahh.DYNAMIC_RECEIVER_NOT_EXPORTED_PERMISSION" />
15-->[androidx.core:core:1.10.1] AndroidManifest.xml:26:5-97
15-->[androidx.core:core:1.10.1] AndroidManifest.xml:26:22-94
16
17    <application
17-->src/main/AndroidManifest.xml:5:5-88:19
18        android:allowBackup="true"
18-->src/main/AndroidManifest.xml:6:9-35
19        android:appComponentFactory="androidx.core.app.CoreComponentFactory"
19-->[androidx.core:core:1.10.1] AndroidManifest.xml:28:18-86
20        android:dataExtractionRules="@xml/data_extraction_rules"
20-->src/main/AndroidManifest.xml:7:9-65
21        android:debuggable="true"
22        android:extractNativeLibs="false"
23        android:fullBackupContent="@xml/backup_rules"
23-->src/main/AndroidManifest.xml:8:9-54
24        android:icon="@mipmap/ic_launcher"
24-->src/main/AndroidManifest.xml:9:9-43
25        android:label="@string/app_name"
25-->src/main/AndroidManifest.xml:10:9-41
26        android:roundIcon="@mipmap/ic_launcher_round"
26-->src/main/AndroidManifest.xml:11:9-54
27        android:supportsRtl="true"
27-->src/main/AndroidManifest.xml:12:9-35
28        android:theme="@style/Theme.Hahh" >
28-->src/main/AndroidManifest.xml:13:9-42
29        <activity
29-->src/main/AndroidManifest.xml:15:9-17:40
30            android:name="com.example.hahh.CrtjadwalActivity"
30-->src/main/AndroidManifest.xml:16:13-46
31            android:exported="false" />
31-->src/main/AndroidManifest.xml:17:13-37
32        <activity
32-->src/main/AndroidManifest.xml:18:9-20:40
33            android:name="com.example.hahh.EdtjadwalActivity"
33-->src/main/AndroidManifest.xml:19:13-46
34            android:exported="false" />
34-->src/main/AndroidManifest.xml:20:13-37
35        <activity
35-->src/main/AndroidManifest.xml:21:9-23:40
36            android:name="com.example.hahh.RincianActivity"
36-->src/main/AndroidManifest.xml:22:13-44
37            android:exported="false" />
37-->src/main/AndroidManifest.xml:23:13-37
38        <activity
38-->src/main/AndroidManifest.xml:24:9-26:40
39            android:name="com.example.hahh.JadwalActivity"
39-->src/main/AndroidManifest.xml:25:13-43
40            android:exported="false" />
40-->src/main/AndroidManifest.xml:26:13-37
41        <activity
41-->src/main/AndroidManifest.xml:27:9-29:40
42            android:name="com.example.hahh.AcppActivity"
42-->src/main/AndroidManifest.xml:28:13-41
43            android:exported="false" />
43-->src/main/AndroidManifest.xml:29:13-37
44        <activity
44-->src/main/AndroidManifest.xml:30:9-32:40
45            android:name="com.example.hahh.AeppActivity"
45-->src/main/AndroidManifest.xml:31:13-41
46            android:exported="false" />
46-->src/main/AndroidManifest.xml:32:13-37
47        <activity
47-->src/main/AndroidManifest.xml:33:9-35:40
48            android:name="com.example.hahh.AdppActivity"
48-->src/main/AndroidManifest.xml:34:13-41
49            android:exported="false" />
49-->src/main/AndroidManifest.xml:35:13-37
50        <activity
50-->src/main/AndroidManifest.xml:36:9-38:40
51            android:name="com.example.hahh.AjppActivity"
51-->src/main/AndroidManifest.xml:37:13-41
52            android:exported="false" />
52-->src/main/AndroidManifest.xml:38:13-37
53        <activity
53-->src/main/AndroidManifest.xml:39:9-41:40
54            android:name="com.example.hahh.UdppActivity"
54-->src/main/AndroidManifest.xml:40:13-41
55            android:exported="false" />
55-->src/main/AndroidManifest.xml:41:13-37
56        <activity
56-->src/main/AndroidManifest.xml:42:9-44:40
57            android:name="com.example.hahh.UjppActivity"
57-->src/main/AndroidManifest.xml:43:13-41
58            android:exported="false" />
58-->src/main/AndroidManifest.xml:44:13-37
59        <activity
59-->src/main/AndroidManifest.xml:45:9-47:40
60            android:name="com.example.hahh.UDPPActivity"
60-->src/main/AndroidManifest.xml:46:13-41
61            android:exported="false" />
61-->src/main/AndroidManifest.xml:47:13-37
62        <activity
62-->src/main/AndroidManifest.xml:48:9-50:40
63            android:name="com.example.hahh.UJPP_Activity"
63-->src/main/AndroidManifest.xml:49:13-42
64            android:exported="false" />
64-->src/main/AndroidManifest.xml:50:13-37
65        <activity
65-->src/main/AndroidManifest.xml:51:9-53:40
66            android:name="com.example.hahh.ListActivity"
66-->src/main/AndroidManifest.xml:52:13-41
67            android:exported="false" />
67-->src/main/AndroidManifest.xml:53:13-37
68        <activity
68-->src/main/AndroidManifest.xml:54:9-56:40
69            android:name="com.example.hahh.PenyelidikanActivity"
69-->src/main/AndroidManifest.xml:55:13-49
70            android:exported="false" />
70-->src/main/AndroidManifest.xml:56:13-37
71        <activity
71-->src/main/AndroidManifest.xml:57:9-59:40
72            android:name="com.example.hahh.PenyidikanActivity"
72-->src/main/AndroidManifest.xml:58:13-47
73            android:exported="false" />
73-->src/main/AndroidManifest.xml:59:13-37
74        <activity
74-->src/main/AndroidManifest.xml:60:9-62:40
75            android:name="com.example.hahh.PerkatingActivity"
75-->src/main/AndroidManifest.xml:61:13-46
76            android:exported="false" />
76-->src/main/AndroidManifest.xml:62:13-37
77        <activity
77-->src/main/AndroidManifest.xml:63:9-65:40
78            android:name="com.example.hahh.MainActivity2"
78-->src/main/AndroidManifest.xml:64:13-42
79            android:exported="false" />
79-->src/main/AndroidManifest.xml:65:13-37
80        <activity
80-->src/main/AndroidManifest.xml:66:9-68:40
81            android:name="com.example.hahh.ChangePassActivity"
81-->src/main/AndroidManifest.xml:67:13-47
82            android:exported="false" />
82-->src/main/AndroidManifest.xml:68:13-37
83        <activity
83-->src/main/AndroidManifest.xml:69:9-71:40
84            android:name="com.example.hahh.signupActivity"
84-->src/main/AndroidManifest.xml:70:13-43
85            android:exported="false" />
85-->src/main/AndroidManifest.xml:71:13-37
86        <activity
86-->src/main/AndroidManifest.xml:72:9-74:40
87            android:name="com.example.hahh.MainActivity"
87-->src/main/AndroidManifest.xml:73:13-41
88            android:exported="false" />
88-->src/main/AndroidManifest.xml:74:13-37
89        <activity
89-->src/main/AndroidManifest.xml:75:9-83:20
90            android:name="com.example.hahh.LoginActivity"
90-->src/main/AndroidManifest.xml:76:13-42
91            android:exported="true" >
91-->src/main/AndroidManifest.xml:77:13-36
92            <intent-filter>
92-->src/main/AndroidManifest.xml:78:13-82:29
93                <action android:name="android.intent.action.MAIN" />
93-->src/main/AndroidManifest.xml:79:17-69
93-->src/main/AndroidManifest.xml:79:25-66
94
95                <category android:name="android.intent.category.LAUNCHER" />
95-->src/main/AndroidManifest.xml:81:17-77
95-->src/main/AndroidManifest.xml:81:27-74
96            </intent-filter>
97        </activity>
98
99        <meta-data
99-->src/main/AndroidManifest.xml:85:9-87:57
100            android:name="preloaded_fonts"
100-->src/main/AndroidManifest.xml:86:13-43
101            android:resource="@array/preloaded_fonts" />
101-->src/main/AndroidManifest.xml:87:13-54
102
103        <provider
103-->[androidx.emoji2:emoji2:1.2.0] AndroidManifest.xml:24:9-32:20
104            android:name="androidx.startup.InitializationProvider"
104-->[androidx.emoji2:emoji2:1.2.0] AndroidManifest.xml:25:13-67
105            android:authorities="com.example.hahh.androidx-startup"
105-->[androidx.emoji2:emoji2:1.2.0] AndroidManifest.xml:26:13-68
106            android:exported="false" >
106-->[androidx.emoji2:emoji2:1.2.0] AndroidManifest.xml:27:13-37
107            <meta-data
107-->[androidx.emoji2:emoji2:1.2.0] AndroidManifest.xml:29:13-31:52
108                android:name="androidx.emoji2.text.EmojiCompatInitializer"
108-->[androidx.emoji2:emoji2:1.2.0] AndroidManifest.xml:30:17-75
109                android:value="androidx.startup" />
109-->[androidx.emoji2:emoji2:1.2.0] AndroidManifest.xml:31:17-49
110            <meta-data
110-->[androidx.lifecycle:lifecycle-process:2.6.1] AndroidManifest.xml:29:13-31:52
111                android:name="androidx.lifecycle.ProcessLifecycleInitializer"
111-->[androidx.lifecycle:lifecycle-process:2.6.1] AndroidManifest.xml:30:17-78
112                android:value="androidx.startup" />
112-->[androidx.lifecycle:lifecycle-process:2.6.1] AndroidManifest.xml:31:17-49
113            <meta-data
113-->[androidx.profileinstaller:profileinstaller:1.3.0] AndroidManifest.xml:29:13-31:52
114                android:name="androidx.profileinstaller.ProfileInstallerInitializer"
114-->[androidx.profileinstaller:profileinstaller:1.3.0] AndroidManifest.xml:30:17-85
115                android:value="androidx.startup" />
115-->[androidx.profileinstaller:profileinstaller:1.3.0] AndroidManifest.xml:31:17-49
116        </provider>
117
118        <receiver
118-->[androidx.profileinstaller:profileinstaller:1.3.0] AndroidManifest.xml:34:9-52:20
119            android:name="androidx.profileinstaller.ProfileInstallReceiver"
119-->[androidx.profileinstaller:profileinstaller:1.3.0] AndroidManifest.xml:35:13-76
120            android:directBootAware="false"
120-->[androidx.profileinstaller:profileinstaller:1.3.0] AndroidManifest.xml:36:13-44
121            android:enabled="true"
121-->[androidx.profileinstaller:profileinstaller:1.3.0] AndroidManifest.xml:37:13-35
122            android:exported="true"
122-->[androidx.profileinstaller:profileinstaller:1.3.0] AndroidManifest.xml:38:13-36
123            android:permission="android.permission.DUMP" >
123-->[androidx.profileinstaller:profileinstaller:1.3.0] AndroidManifest.xml:39:13-57
124            <intent-filter>
124-->[androidx.profileinstaller:profileinstaller:1.3.0] AndroidManifest.xml:40:13-42:29
125                <action android:name="androidx.profileinstaller.action.INSTALL_PROFILE" />
125-->[androidx.profileinstaller:profileinstaller:1.3.0] AndroidManifest.xml:41:17-91
125-->[androidx.profileinstaller:profileinstaller:1.3.0] AndroidManifest.xml:41:25-88
126            </intent-filter>
127            <intent-filter>
127-->[androidx.profileinstaller:profileinstaller:1.3.0] AndroidManifest.xml:43:13-45:29
128                <action android:name="androidx.profileinstaller.action.SKIP_FILE" />
128-->[androidx.profileinstaller:profileinstaller:1.3.0] AndroidManifest.xml:44:17-85
128-->[androidx.profileinstaller:profileinstaller:1.3.0] AndroidManifest.xml:44:25-82
129            </intent-filter>
130            <intent-filter>
130-->[androidx.profileinstaller:profileinstaller:1.3.0] AndroidManifest.xml:46:13-48:29
131                <action android:name="androidx.profileinstaller.action.SAVE_PROFILE" />
131-->[androidx.profileinstaller:profileinstaller:1.3.0] AndroidManifest.xml:47:17-88
131-->[androidx.profileinstaller:profileinstaller:1.3.0] AndroidManifest.xml:47:25-85
132            </intent-filter>
133            <intent-filter>
133-->[androidx.profileinstaller:profileinstaller:1.3.0] AndroidManifest.xml:49:13-51:29
134                <action android:name="androidx.profileinstaller.action.BENCHMARK_OPERATION" />
134-->[androidx.profileinstaller:profileinstaller:1.3.0] AndroidManifest.xml:50:17-95
134-->[androidx.profileinstaller:profileinstaller:1.3.0] AndroidManifest.xml:50:25-92
135            </intent-filter>
136        </receiver>
137    </application>
138
139</manifest>